
> dey@0.1.0 build /home/yz13/Documents/GitHub/DM-Design
> next build

- info Loaded env from /home/yz13/Documents/GitHub/DM-Design/.env
- info Creating an optimized production build...
- info Compiled successfully
- info Linting and checking validity of types...

./components/entities/Blocks/UploaderBlocks/TextBlock.tsx
65:7  Warning: React Hook useEffect has a missing dependency: 'getUpdateBlock'. Either include it or remove the dependency array.  react-hooks/exhaustive-deps

./components/widgets/UploadBlockView/ui/BlockImage.tsx
18:7  Warning: React Hook React.useEffect has missing dependencies: 'imageLink' and 'link'. Either include them or remove the dependency array.  react-hooks/exhaustive-deps

info  - Need to disable some ESLint rules? Learn more here: https://nextjs.org/docs/basic-features/eslint#disabling-rules
- info Collecting page data...
- info Generating static pages (0/5)
- info Generating static pages (1/5)
- info Generating static pages (2/5)
- info Generating static pages (3/5)
[
  {
    tags: [ '123', '321' ],
    thumbnail: null,
    authorId: 'GeCmAPxiDMaCeJt1EWOclUfULR83',
    isDraft: false,
    views: [],
    blocks: [ [Object], [Object], [Object] ],
    comments: [],
    createdAt: 1691131101,
    title: '123321',
    rootBlock: {
      type: 'image',
      link: 'users/GeCmAPxiDMaCeJt1EWOclUfULR83/00Z6PJSH9DNXEXXUFDL2/fa531112-f961-48d1-a969-4ee691898900.png'
    },
    needFeedback: true,
    likes: [],
    doc_id: '00Z6PJSH9DNXEXXUFDL2'
  },
  {
    tags: [],
    thumbnail: null,
    authorId: 'GeCmAPxiDMaCeJt1EWOclUfULR83',
    isDraft: false,
    views: [],
    blocks: [ [Object], [Object], [Object] ],
    comments: [],
    createdAt: 1691128845,
    title: 'Привет',
    rootBlock: {
      type: 'image',
      link: 'users/GeCmAPxiDMaCeJt1EWOclUfULR83/OZEKLGMKNDX3PNV4EGXM/5bf2d859-2815-4c3e-9643-4f6fee0c7f5a.png'
    },
    needFeedback: true,
    likes: [],
    doc_id: 'OZEKLGMKNDX3PNV4EGXM'
  }
]
[
  {
    tags: [ '123', '321' ],
    thumbnail: null,
    authorId: 'GeCmAPxiDMaCeJt1EWOclUfULR83',
    isDraft: false,
    views: [],
    blocks: [ [Object], [Object], [Object] ],
    comments: [],
    createdAt: 1691131101,
    title: '123321',
    rootBlock: {
      type: 'image',
      link: 'users/GeCmAPxiDMaCeJt1EWOclUfULR83/00Z6PJSH9DNXEXXUFDL2/fa531112-f961-48d1-a969-4ee691898900.png'
    },
    needFeedback: true,
    likes: [],
    doc_id: '00Z6PJSH9DNXEXXUFDL2'
  },
  {
    tags: [],
    thumbnail: null,
    authorId: 'GeCmAPxiDMaCeJt1EWOclUfULR83',
    isDraft: false,
    views: [],
    blocks: [ [Object], [Object], [Object] ],
    comments: [],
    createdAt: 1691128845,
    title: 'Привет',
    rootBlock: {
      type: 'image',
      link: 'users/GeCmAPxiDMaCeJt1EWOclUfULR83/OZEKLGMKNDX3PNV4EGXM/5bf2d859-2815-4c3e-9643-4f6fee0c7f5a.png'
    },
    needFeedback: true,
    likes: [],
    doc_id: 'OZEKLGMKNDX3PNV4EGXM'
  }
]
- info Generating static pages (5/5)
- info Finalizing page optimization...

Route (app)                                Size     First Load JS
┌ ○ /                                      1.5 kB          207 kB
├ ○ /icon.svg                              0 B                0 B
├ λ /shot/[shotId]                         22.5 kB         228 kB
└ λ /uploads/shot                          172 kB          390 kB
+ First Load JS shared by all              205 kB
  ├ chunks/16ca6610-90611b92a37c8841.js    50.5 kB
  ├ chunks/31181aee-b214f3e015f8570b.js    23.4 kB
  ├ chunks/506-7e49ccb6e8bb43a0.js         25.8 kB
  ├ chunks/946-f036804b8950d901.js         91.1 kB
  ├ chunks/c0b9f7b3-b1bf8a9db2dc167f.js    2.33 kB
  ├ chunks/f492d911-6bccbc5a3ab39eae.js    10.2 kB
  ├ chunks/main-app-e8ff06bf22ec8242.js    221 B
  └ chunks/webpack-7846ad8cf67a0cc9.js     1.74 kB

Route (pages)                              Size     First Load JS
─ ○ /404                                   183 B          79.8 kB
+ First Load JS shared by all              79.7 kB
  ├ chunks/framework-f780fd9bae3b8c58.js   45.1 kB
  ├ chunks/main-06b12ba98a87a9ee.js        32.7 kB
  ├ chunks/pages/_app-9795eb80fe918f47.js  198 B
  └ chunks/webpack-7846ad8cf67a0cc9.js     1.74 kB

λ  (Server)  server-side renders at runtime (uses getInitialProps or getServerSideProps)
○  (Static)  automatically rendered as static HTML (uses no initial props)

